<?xml version="1.0" encoding="UTF-8"?>
<testsuite name="runner.ApiSmokeRunner" time="0.016" tests="1" errors="1" skipped="0" failures="0">
  <properties>
[...]
</properties>
  <testcase name="runner.ApiSmokeRunner" classname="runner.ApiSmokeRunner" time="0.016">
    <error message="Receiver class io.qameta.allure.cucumber7jvm.AllureCucumber7Jvm$$Lambda$124/0x00000235ea100c70 does not define or inherit an implementation of the resolved method &apos;abstract void receive(io.cucumber.plugin.event.Event)&apos; of interface io.cucumber.plugin.event.EventHandler." type="java.lang.AbstractMethodError">java.lang.AbstractMethodError: Receiver class io.qameta.allure.cucumber7jvm.AllureCucumber7Jvm$$Lambda$124/0x00000235ea100c70 does not define or inherit an implementation of the resolved method 'abstract void receive(io.cucumber.plugin.event.Event)' of interface io.cucumber.plugin.event.EventHandler.
	at io.cucumber.core.eventbus.AbstractEventPublisher.send(AbstractEventPublisher.java:45)
	at io.cucumber.core.eventbus.AbstractEventBus.send(AbstractEventBus.java:9)
	at io.cucumber.junit.Cucumber$RunCucumber.evaluate(Cucumber.java:217)
	at org.junit.runners.ParentRunner$3.evaluate(ParentRunner.java:306)
	at org.junit.runners.ParentRunner.run(ParentRunner.java:413)
	at org.apache.maven.surefire.junit4.JUnit4Provider.execute(JUnit4Provider.java:283)
	at org.apache.maven.surefire.junit4.JUnit4Provider.executeWithRerun(JUnit4Provider.java:173)
	at org.apache.maven.surefire.junit4.JUnit4Provider.executeTestSet(JUnit4Provider.java:153)
	at org.apache.maven.surefire.junit4.JUnit4Provider.invoke(JUnit4Provider.java:128)
	at org.apache.maven.surefire.booter.ForkedBooter.invokeProviderInSameClassLoader(ForkedBooter.java:203)
	at org.apache.maven.surefire.booter.ForkedBooter.runSuitesInProcess(ForkedBooter.java:155)
	at org.apache.maven.surefire.booter.ForkedBooter.main(ForkedBooter.java:103)
</error>
  </testcase>
</testsuite>